<?xml version="1.0" encoding="UTF-8"?>
<testng-results ignored="0" total="1" passed="1" failed="0" skipped="0">
  <reporter-output>
  </reporter-output>
  <suite started-at="2023-06-07T12:29:44 IST" name="Default suite" finished-at="2023-06-07T12:29:53 IST" duration-ms="9434">
    <groups>
    </groups>
    <test started-at="2023-06-07T12:29:44 IST" name="Default test" finished-at="2023-06-07T12:29:53 IST" duration-ms="9434">
      <class name="org.Testcase.DemoTestCase">
        <test-method is-config="true" signature="setup()[pri:0, instance:org.Testcase.DemoTestCase@7e9131d5]" started-at="2023-06-07T12:29:44 IST" name="setup" finished-at="2023-06-07T12:29:50 IST" duration-ms="6318" status="PASS">
          <reporter-output>
          </reporter-output>
        </test-method> <!-- setup -->
        <test-method signature="scenarioDemo()[pri:0, instance:org.Testcase.DemoTestCase@7e9131d5]" started-at="2023-06-07T12:29:50 IST" name="scenarioDemo" finished-at="2023-06-07T12:29:53 IST" duration-ms="3084" status="PASS">
          <reporter-output>
          </reporter-output>
        </test-method> <!-- scenarioDemo -->
      </class> <!-- org.Testcase.DemoTestCase -->
    </test> <!-- Default test -->
  </suite> <!-- Default suite -->
</testng-results>
